--- MATCH START ---
WARNING: Skipping empty data file: 3BET.json
dict_keys(['FRFI', 'RFI'])
scenario: FRFI vs_BTN | pos: BB | hand: 95o | in_range: False
scenario: RFI | pos: SB | hand: TT | in_range: True
RFI > 300 @ SB with TT | stack: 98.5bb bin: 100
('BB', 'call', 9850)
scenario: RFI | pos: BTN | hand: 94o | in_range: False
scenario: FRFI vs_BTN | pos: BB | hand: 77 | in_range: True
3bet > 1300 @ BB vs BTN with 77
scenario: 3BET_PLUS | pos: BB | hand: 77 | in_range: False
scenario: RFI | pos: SB | hand: 87s | in_range: True
RFI > 300 @ SB with 87s | stack: 82.5bb bin: 100
('BB', 'call', 11600)
scenario: RFI | pos: BTN | hand: 32o | in_range: False
scenario: FRFI vs_BTN | pos: BB | hand: J7s | in_range: True
3bet > 2600 @ BB vs BTN with J7s
('BTN', 'call', 9700)
scenario: RFI | pos: SB | hand: 53o | in_range: False
scenario: RFI | pos: BTN | hand: T3s | in_range: False
scenario: FRFI vs_BTN | pos: BB | hand: K8o | in_range: True
3bet > 1300 @ BB vs BTN with K8o
('BTN', 'call', 13800)
scenario: RFI | pos: SB | hand: K5s | in_range: True
RFI > 300 @ SB with K5s | stack: 40.0bb bin: 40
scenario: 3BET | pos: SB | hand: K5s | in_range: False
scenario: RFI | pos: BTN | hand: 97o | in_range: False
scenario: FRFI vs_BTN | pos: BB | hand: J6o | in_range: False
scenario: RFI | pos: SB | hand: 42s | in_range: False
scenario: RFI | pos: BTN | hand: K2o | in_range: False
scenario: FRFI vs_BTN | pos: BB | hand: 97o | in_range: False
scenario: RFI | pos: SB | hand: 43s | in_range: False
scenario: RFI | pos: BTN | hand: 92o | in_range: False
scenario: FRFI vs_BTN | pos: BB | hand: 44 | in_range: True
3bet > 1950 @ BB vs BTN with 44
scenario: 3BET_PLUS | pos: BB | hand: 44 | in_range: False
scenario: RFI | pos: SB | hand: 76o | in_range: False
scenario: RFI | pos: BTN | hand: Q5s | in_range: False
scenario: FRFI vs_BTN | pos: BB | hand: T7o | in_range: False
scenario: RFI | pos: SB | hand: A5s | in_range: True
RFI > 300 @ SB with A5s | stack: 13.0bb bin: 12
scenario: 3BET | pos: SB | hand: A5s | in_range: False
scenario: RFI | pos: BTN | hand: ATs | in_range: True
RFI > 200 @ BTN with ATs | stack: 10.5bb bin: 10
scenario: 3BET | pos: BTN | hand: ATs | in_range: False
scenario: RFI | pos: BB | hand: 65s | in_range: False
('BTN', 'call', 20250)
('SB', 'check', 8700)
scenario: RFI | pos: SB | hand: T3o | in_range: False
scenario: RFI | pos: BTN | hand: 77 | in_range: True
RFI > 200 @ BTN with 77 | stack: 7.0bb bin: 8
scenario: 3BET | pos: BTN | hand: 77 | in_range: False
scenario: RFI | pos: BB | hand: T9s | in_range: False
('BTN', 'call', 20800)
('SB', 'check', 8500)
scenario: RFI | pos: SB | hand: TT | in_range: True
RFI > 300 @ SB with TT | stack: 3.5bb bin: 8
('BB', 'call', 20800)
scenario: RFI | pos: BTN | hand: QQ | in_range: True
RFI > 100 @ BTN with QQ | stack: 1.0bb bin: 8
scenario: FRFI vs_BTN | pos: BB | hand: K5o | in_range: False
scenario: RFI | pos: SB | hand: T5o | in_range: False
scenario: RFI | pos: BTN | hand: J6s | in_range: False
scenario: RFI | pos: BB | hand: A6s | in_range: False
('BTN', 'call', 21500)
('SB', 'check', 8150)
scenario: RFI | pos: BTN | hand: Q9o | in_range: True
RFI > 100 @ BTN with Q9o | stack: 1.0bb bin: 8
